<?xml version="1.0" encoding="UTF-8"?>
<testng-results skipped="0" failed="1" ignored="0" total="2" passed="1">
  <reporter-output>
    <line>
      <![CDATA[testA]]>
    </line>
    <line>
      <![CDATA[TestName: testA& Status: 1]]>
    </line>
    <line>
      <![CDATA[testB]]>
    </line>
    <line>
      <![CDATA[TestName: testB& Status: 2]]>
    </line>
  </reporter-output>
  <suite name="Default suite" duration-ms="102" started-at="2017-12-11T08:11:50Z" finished-at="2017-12-11T08:11:50Z">
    <groups>
    </groups>
    <test name="Default test" duration-ms="102" started-at="2017-12-11T08:11:50Z" finished-at="2017-12-11T08:11:50Z">
      <class name="page.A">
        <test-method status="PASS" signature="testA()[pri:0, instance:page.A@5419f379]" name="testA" duration-ms="20" started-at="2017-12-11T13:41:50Z" finished-at="2017-12-11T13:41:50Z">
          <reporter-output>
            <line>
              <![CDATA[testA]]>
            </line>
          </reporter-output>
        </test-method> <!-- testA -->
        <test-method status="PASS" signature="am(org.testng.ITestResult)[pri:0, instance:page.A@5419f379]" name="am" is-config="true" duration-ms="4" started-at="2017-12-11T13:41:50Z" finished-at="2017-12-11T13:41:50Z">
          <params>
            <param index="0">
              <value>
                <![CDATA[[TestResult name=testA status=SUCCESS method=A.testA()[pri:0, instance:page.A@5419f379] output=testA]]]>
              </value>
            </param>
          </params>
          <reporter-output>
            <line>
              <![CDATA[TestName: testA& Status: 1]]>
            </line>
          </reporter-output>
        </test-method> <!-- am -->
        <test-method status="FAIL" signature="testB()[pri:0, instance:page.A@5419f379]" name="testB" duration-ms="6" started-at="2017-12-11T13:41:50Z" finished-at="2017-12-11T13:41:50Z">
          <exception class="java.lang.AssertionError">
            <message>
              <![CDATA[null]]>
            </message>
            <full-stacktrace>
              <![CDATA[java.lang.AssertionError: null
	at org.testng.Assert.fail(Assert.java:93)
	at org.testng.Assert.fail(Assert.java:100)
	at page.A.testB(A.java:20)
	at sun.reflect.NativeMethodAccessorImpl.invoke0(Native Method)
	at sun.reflect.NativeMethodAccessorImpl.invoke(NativeMethodAccessorImpl.java:62)
	at sun.reflect.DelegatingMethodAccessorImpl.invoke(DelegatingMethodAccessorImpl.java:43)
	at java.lang.reflect.Method.invoke(Method.java:498)
	at org.testng.internal.MethodInvocationHelper.invokeMethod(MethodInvocationHelper.java:108)
	at org.testng.internal.Invoker.invokeMethod(Invoker.java:669)
	at org.testng.internal.Invoker.invokeTestMethod(Invoker.java:877)
	at org.testng.internal.Invoker.invokeTestMethods(Invoker.java:1201)
	at org.testng.internal.TestMethodWorker.invokeTestMethods(TestMethodWorker.java:125)
	at org.testng.internal.TestMethodWorker.run(TestMethodWorker.java:109)
	at org.testng.TestRunner.privateRun(TestRunner.java:776)
	at org.testng.TestRunner.run(TestRunner.java:634)
	at org.testng.SuiteRunner.runTest(SuiteRunner.java:425)
	at org.testng.SuiteRunner.runSequentially(SuiteRunner.java:420)
	at org.testng.SuiteRunner.privateRun(SuiteRunner.java:385)
	at org.testng.SuiteRunner.run(SuiteRunner.java:334)
	at org.testng.SuiteRunnerWorker.runSuite(SuiteRunnerWorker.java:52)
	at org.testng.SuiteRunnerWorker.run(SuiteRunnerWorker.java:86)
	at org.testng.TestNG.runSuitesSequentially(TestNG.java:1318)
	at org.testng.TestNG.runSuitesLocally(TestNG.java:1243)
	at org.testng.TestNG.runSuites(TestNG.java:1161)
	at org.testng.TestNG.run(TestNG.java:1129)
	at org.testng.remote.AbstractRemoteTestNG.run(AbstractRemoteTestNG.java:114)
	at org.testng.remote.RemoteTestNG.initAndRun(RemoteTestNG.java:251)
	at org.testng.remote.RemoteTestNG.main(RemoteTestNG.java:77)
]]>
            </full-stacktrace>
          </exception> <!-- java.lang.AssertionError -->
          <reporter-output>
            <line>
              <![CDATA[testB]]>
            </line>
          </reporter-output>
        </test-method> <!-- testB -->
        <test-method status="PASS" signature="am(org.testng.ITestResult)[pri:0, instance:page.A@5419f379]" name="am" is-config="true" duration-ms="0" started-at="2017-12-11T13:41:50Z" finished-at="2017-12-11T13:41:50Z">
          <params>
            <param index="0">
              <value>
                <![CDATA[[TestResult name=testB status=FAILURE method=A.testB()[pri:0, instance:page.A@5419f379] output=testB]]]>
              </value>
            </param>
          </params>
          <reporter-output>
            <line>
              <![CDATA[TestName: testB& Status: 2]]>
            </line>
          </reporter-output>
        </test-method> <!-- am -->
      </class> <!-- page.A -->
    </test> <!-- Default test -->
  </suite> <!-- Default suite -->
</testng-results>
